<?xml version="1.0" encoding="UTF-8"?>
<testng-results skipped="0" failed="0" ignored="0" total="1" passed="1">
  <reporter-output>
  </reporter-output>
  <suite name="Default suite" duration-ms="9503" started-at="2019-01-30T17:57:08Z" finished-at="2019-01-30T17:57:17Z">
    <groups>
    </groups>
    <test name="Default test" duration-ms="9503" started-at="2019-01-30T17:57:08Z" finished-at="2019-01-30T17:57:17Z">
      <class name="com.automation.tests.FacebookTestCase">
        <test-method status="PASS" signature="setUp()[pri:0, instance:com.automation.tests.FacebookTestCase@c038203]" name="setUp" is-config="true" duration-ms="3590" started-at="2019-01-30T23:27:08Z" finished-at="2019-01-30T23:27:11Z">
          <reporter-output>
          </reporter-output>
        </test-method> <!-- setUp -->
        <test-method status="PASS" signature="loginTest()[pri:0, instance:com.automation.tests.FacebookTestCase@c038203]" name="loginTest" duration-ms="5895" started-at="2019-01-30T23:27:11Z" finished-at="2019-01-30T23:27:17Z">
          <reporter-output>
          </reporter-output>
        </test-method> <!-- loginTest -->
      </class> <!-- com.automation.tests.FacebookTestCase -->
    </test> <!-- Default test -->
  </suite> <!-- Default suite -->
</testng-results>
